<?xml version="1.0" encoding="UTF-8"?>
<!-- Generated by org.testng.reporters.JUnitXMLReporter -->
<testsuite hostname="shubhams-MacBook-Pro.local" ignored="0" name="Test" tests="6" failures="1" timestamp="06 Jun 2023 03:44:31 GMT" time="0.059" errors="0">
  <testcase name="functionalTest1" time="0.012" classname="com.shubham.TestingMaven.TestNGGroupsTest2"/>
  <testcase name="functionalTest2" time="0.001" classname="com.shubham.TestingMaven.TestNGGroupsTest2"/>
  <testcase name="regressionAndFunctionalTest1" time="0.001" classname="com.shubham.TestingMaven.TestNGGroupsTest2"/>
  <testcase name="sanityTest1" time="0.001" classname="com.shubham.TestingMaven.TestNGGroupsTest2"/>
  <testcase name="sanityTest2" time="0.002" classname="com.shubham.TestingMaven.TestNGGroupsTest2">
    <failure type="java.lang.AssertionError">
      <![CDATA[java.lang.AssertionError
at com.shubham.TestingMaven.TestNGGroupsTest2.sanityTest2(TestNGGroupsTest2.java:38)
... Removed 25 stack frames]]>
    </failure>
  </testcase> <!-- sanityTest2 -->
  <testcase name="sanity_RegressionAndFunctionalTest" time="0.001" classname="com.shubham.TestingMaven.TestNGGroupsTest2"/>
</testsuite> <!-- Test -->
