<?xml version="1.0" encoding="UTF-8"?>
<!-- Generated by org.testng.reporters.JUnitXMLReporter -->
<testsuite hostname="shubhams-MacBook-Pro.local" ignored="5" name="Test(failed)" tests="1" failures="1" timestamp="06 Jun 2023 03:45:42 GMT" time="0.044" errors="0">
  <testcase name="sanityTest2" time="0.011" classname="com.shubham.TestingMaven.TestNGGroupsTest2">
    <failure type="java.lang.AssertionError">
      <![CDATA[java.lang.AssertionError
at com.shubham.TestingMaven.TestNGGroupsTest2.sanityTest2(TestNGGroupsTest2.java:38)
... Removed 25 stack frames]]>
    </failure>
  </testcase> <!-- sanityTest2 -->
  <testcase name="sanity_RegressionAndFunctionalTest" time="0.0" classname="com.shubham.TestingMaven.TestNGGroupsTest2">
    <ignored/>
  </testcase> <!-- sanity_RegressionAndFunctionalTest -->
  <testcase name="sanityTest1" time="0.0" classname="com.shubham.TestingMaven.TestNGGroupsTest2">
    <ignored/>
  </testcase> <!-- sanityTest1 -->
  <testcase name="regressionAndFunctionalTest1" time="0.0" classname="com.shubham.TestingMaven.TestNGGroupsTest2">
    <ignored/>
  </testcase> <!-- regressionAndFunctionalTest1 -->
  <testcase name="functionalTest1" time="0.0" classname="com.shubham.TestingMaven.TestNGGroupsTest2">
    <ignored/>
  </testcase> <!-- functionalTest1 -->
  <testcase name="functionalTest2" time="0.0" classname="com.shubham.TestingMaven.TestNGGroupsTest2">
    <ignored/>
  </testcase> <!-- functionalTest2 -->
</testsuite> <!-- Test(failed) -->
