<?xml version="1.0" encoding="UTF-8"?>
<testng-results skipped="0" failed="2" ignored="0" total="3" passed="1">
  <reporter-output>
  </reporter-output>
  <suite name="Default suite" duration-ms="42" started-at="2023-06-06T04:06:40Z" finished-at="2023-06-06T04:06:40Z">
    <groups>
    </groups>
    <test name="Default test" duration-ms="42" started-at="2023-06-06T04:06:40Z" finished-at="2023-06-06T04:06:40Z">
      <class name="com.shubham.TestingMaven.TestNGFirstProgram">
        <test-method status="PASS" signature="beforeAllTests()[pri:0, instance:com.shubham.TestingMaven.TestNGFirstProgram@5c30a9b0]" name="beforeAllTests" is-config="true" duration-ms="13" started-at="2023-06-06T04:06:40Z" finished-at="2023-06-06T04:06:40Z">
          <reporter-output>
          </reporter-output>
        </test-method> <!-- beforeAllTests -->
        <test-method status="PASS" signature="beforeEachMethod()[pri:0, instance:com.shubham.TestingMaven.TestNGFirstProgram@5c30a9b0]" name="beforeEachMethod" is-config="true" duration-ms="0" started-at="2023-06-06T04:06:40Z" finished-at="2023-06-06T04:06:40Z">
          <reporter-output>
          </reporter-output>
        </test-method> <!-- beforeEachMethod -->
        <test-method status="PASS" signature="aatest1()[pri:0, instance:com.shubham.TestingMaven.TestNGFirstProgram@5c30a9b0]" name="aatest1" duration-ms="4" started-at="2023-06-06T04:06:40Z" finished-at="2023-06-06T04:06:40Z">
          <reporter-output>
          </reporter-output>
        </test-method> <!-- aatest1 -->
        <test-method status="PASS" signature="afterEachMethod()[pri:0, instance:com.shubham.TestingMaven.TestNGFirstProgram@5c30a9b0]" name="afterEachMethod" is-config="true" duration-ms="0" started-at="2023-06-06T04:06:40Z" finished-at="2023-06-06T04:06:40Z">
          <reporter-output>
          </reporter-output>
        </test-method> <!-- afterEachMethod -->
        <test-method status="PASS" signature="beforeEachMethod()[pri:0, instance:com.shubham.TestingMaven.TestNGFirstProgram@5c30a9b0]" name="beforeEachMethod" is-config="true" duration-ms="1" started-at="2023-06-06T04:06:40Z" finished-at="2023-06-06T04:06:40Z">
          <reporter-output>
          </reporter-output>
        </test-method> <!-- beforeEachMethod -->
        <test-method status="FAIL" signature="atest2()[pri:0, instance:com.shubham.TestingMaven.TestNGFirstProgram@5c30a9b0]" name="atest2" duration-ms="2" started-at="2023-06-06T04:06:40Z" finished-at="2023-06-06T04:06:40Z">
          <exception class="java.lang.AssertionError">
            <full-stacktrace>
              <![CDATA[java.lang.AssertionError
at org.junit.Assert.fail(Assert.java:86)
at org.junit.Assert.assertTrue(Assert.java:41)
at org.junit.Assert.assertTrue(Assert.java:52)
at com.shubham.TestingMaven.TestNGFirstProgram.atest2(TestNGFirstProgram.java:41)
at sun.reflect.NativeMethodAccessorImpl.invoke0(Native Method)
at sun.reflect.NativeMethodAccessorImpl.invoke(NativeMethodAccessorImpl.java:62)
at sun.reflect.DelegatingMethodAccessorImpl.invoke(DelegatingMethodAccessorImpl.java:43)
at java.lang.reflect.Method.invoke(Method.java:498)
at org.testng.internal.MethodInvocationHelper.invokeMethod(MethodInvocationHelper.java:124)
at org.testng.internal.Invoker.invokeMethod(Invoker.java:583)
at org.testng.internal.Invoker.invokeTestMethod(Invoker.java:719)
at org.testng.internal.Invoker.invokeTestMethods(Invoker.java:989)
at org.testng.internal.TestMethodWorker.invokeTestMethods(TestMethodWorker.java:125)
at org.testng.internal.TestMethodWorker.run(TestMethodWorker.java:109)
at org.testng.TestRunner.privateRun(TestRunner.java:648)
at org.testng.TestRunner.run(TestRunner.java:505)
at org.testng.SuiteRunner.runTest(SuiteRunner.java:455)
at org.testng.SuiteRunner.runSequentially(SuiteRunner.java:450)
at org.testng.SuiteRunner.privateRun(SuiteRunner.java:415)
at org.testng.SuiteRunner.run(SuiteRunner.java:364)
at org.testng.SuiteRunnerWorker.runSuite(SuiteRunnerWorker.java:52)
at org.testng.SuiteRunnerWorker.run(SuiteRunnerWorker.java:84)
at org.testng.TestNG.runSuitesSequentially(TestNG.java:1208)
at org.testng.TestNG.runSuitesLocally(TestNG.java:1137)
at org.testng.TestNG.runSuites(TestNG.java:1049)
at org.testng.TestNG.run(TestNG.java:1017)
at org.testng.remote.AbstractRemoteTestNG.run(AbstractRemoteTestNG.java:115)
at org.testng.remote.RemoteTestNG.initAndRun(RemoteTestNG.java:251)
at org.testng.remote.RemoteTestNG.main(RemoteTestNG.java:77)
]]>
            </full-stacktrace>
          </exception> <!-- java.lang.AssertionError -->
          <reporter-output>
          </reporter-output>
        </test-method> <!-- atest2 -->
        <test-method status="PASS" signature="afterEachMethod()[pri:0, instance:com.shubham.TestingMaven.TestNGFirstProgram@5c30a9b0]" name="afterEachMethod" is-config="true" duration-ms="0" started-at="2023-06-06T04:06:40Z" finished-at="2023-06-06T04:06:40Z">
          <reporter-output>
          </reporter-output>
        </test-method> <!-- afterEachMethod -->
        <test-method status="FAIL" signature="btest3()[pri:0, instance:com.shubham.TestingMaven.TestNGFirstProgram@5c30a9b0]" name="btest3" duration-ms="1" started-at="2023-06-06T04:06:40Z" finished-at="2023-06-06T04:06:40Z">
          <exception class="java.lang.AssertionError">
            <full-stacktrace>
              <![CDATA[java.lang.AssertionError
at org.junit.Assert.fail(Assert.java:86)
at org.junit.Assert.assertTrue(Assert.java:41)
at org.junit.Assert.assertTrue(Assert.java:52)
at com.shubham.TestingMaven.TestNGFirstProgram.btest3(TestNGFirstProgram.java:47)
at sun.reflect.NativeMethodAccessorImpl.invoke0(Native Method)
at sun.reflect.NativeMethodAccessorImpl.invoke(NativeMethodAccessorImpl.java:62)
at sun.reflect.DelegatingMethodAccessorImpl.invoke(DelegatingMethodAccessorImpl.java:43)
at java.lang.reflect.Method.invoke(Method.java:498)
at org.testng.internal.MethodInvocationHelper.invokeMethod(MethodInvocationHelper.java:124)
at org.testng.internal.Invoker.invokeMethod(Invoker.java:583)
at org.testng.internal.Invoker.invokeTestMethod(Invoker.java:719)
at org.testng.internal.Invoker.invokeTestMethods(Invoker.java:989)
at org.testng.internal.TestMethodWorker.invokeTestMethods(TestMethodWorker.java:125)
at org.testng.internal.TestMethodWorker.run(TestMethodWorker.java:109)
at org.testng.TestRunner.privateRun(TestRunner.java:648)
at org.testng.TestRunner.run(TestRunner.java:505)
at org.testng.SuiteRunner.runTest(SuiteRunner.java:455)
at org.testng.SuiteRunner.runSequentially(SuiteRunner.java:450)
at org.testng.SuiteRunner.privateRun(SuiteRunner.java:415)
at org.testng.SuiteRunner.run(SuiteRunner.java:364)
at org.testng.SuiteRunnerWorker.runSuite(SuiteRunnerWorker.java:52)
at org.testng.SuiteRunnerWorker.run(SuiteRunnerWorker.java:84)
at org.testng.TestNG.runSuitesSequentially(TestNG.java:1208)
at org.testng.TestNG.runSuitesLocally(TestNG.java:1137)
at org.testng.TestNG.runSuites(TestNG.java:1049)
at org.testng.TestNG.run(TestNG.java:1017)
at org.testng.remote.AbstractRemoteTestNG.run(AbstractRemoteTestNG.java:115)
at org.testng.remote.RemoteTestNG.initAndRun(RemoteTestNG.java:251)
at org.testng.remote.RemoteTestNG.main(RemoteTestNG.java:77)
]]>
            </full-stacktrace>
          </exception> <!-- java.lang.AssertionError -->
          <reporter-output>
          </reporter-output>
        </test-method> <!-- btest3 -->
        <test-method status="PASS" signature="beforeEachMethod()[pri:0, instance:com.shubham.TestingMaven.TestNGFirstProgram@5c30a9b0]" name="beforeEachMethod" is-config="true" duration-ms="0" started-at="2023-06-06T04:06:40Z" finished-at="2023-06-06T04:06:40Z">
          <reporter-output>
          </reporter-output>
        </test-method> <!-- beforeEachMethod -->
        <test-method status="PASS" signature="afterEachMethod()[pri:0, instance:com.shubham.TestingMaven.TestNGFirstProgram@5c30a9b0]" name="afterEachMethod" is-config="true" duration-ms="0" started-at="2023-06-06T04:06:40Z" finished-at="2023-06-06T04:06:40Z">
          <reporter-output>
          </reporter-output>
        </test-method> <!-- afterEachMethod -->
        <test-method status="PASS" signature="afterAllTests()[pri:0, instance:com.shubham.TestingMaven.TestNGFirstProgram@5c30a9b0]" name="afterAllTests" is-config="true" duration-ms="0" started-at="2023-06-06T04:06:40Z" finished-at="2023-06-06T04:06:40Z">
          <reporter-output>
          </reporter-output>
        </test-method> <!-- afterAllTests -->
      </class> <!-- com.shubham.TestingMaven.TestNGFirstProgram -->
    </test> <!-- Default test -->
  </suite> <!-- Default suite -->
</testng-results>
